<?xml version="1.0" encoding="UTF-8"?>
<!-- Generated by org.testng.reporters.JUnitReportReporter -->
<testsuite hostname="Shyamal" failures="0" tests="4" name="selenium.Testing1" time="0.001" errors="0" timestamp="27 Aug 2022 16:24:18 GMT" skipped="0">
  <testcase classname="selenium.Testing1" name="abc" time="0.000"/>
  <testcase classname="selenium.Testing1" name="Test2" time="0.000"/>
  <testcase classname="selenium.Testing1" name="Test1" time="0.000"/>
  <testcase classname="selenium.Testing1" name="abc" time="0.001"/>
</testsuite> <!-- selenium.Testing1 -->
