<?xml version="1.0" encoding="UTF-8"?>
<!-- Generated by org.testng.reporters.JUnitReportReporter -->
<testsuite hostname="Shyamal" failures="0" tests="2" name="selenium.Testing2" time="0.000" errors="0" timestamp="27 Aug 2022 16:24:18 GMT" skipped="0">
  <testcase classname="selenium.Testing2" name="test4" time="0.000"/>
  <testcase classname="selenium.Testing2" name="test3" time="0.000"/>
</testsuite> <!-- selenium.Testing2 -->
