<?xml version="1.0" encoding="UTF-8"?>
<!-- Generated by org.testng.reporters.JUnitReportReporter -->
<testsuite hostname="Shyamal" failures="0" tests="1" name="Tests.login1test" time="8.337" errors="0" timestamp="2022-08-28T00:31:03 EDT" skipped="0">
  <testcase classname="Tests.login1test" name="logintest" time="8.337"/>
  <system-out/>
</testsuite> <!-- Tests.login1test -->
