<?xml version="1.0" encoding="UTF-8"?>
<!-- Generated by org.testng.reporters.JUnitReportReporter -->
<testsuite skipped="0" hostname="DESKTOP-FQKEHJ9" name="com.qa.testcases.TripAdvisorHomePageTest" tests="4" failures="0" timestamp="20 Dec 2019 06:12:04 GMT" time="10.575" errors="0">
  <testcase name="productSearch" time="6.801" classname="com.qa.testcases.TripAdvisorHomePageTest"/>
  <testcase name="productSearchButtonClick" time="0.508" classname="com.qa.testcases.TripAdvisorHomePageTest"/>
  <testcase name="firstItemClick" time="3.263" classname="com.qa.testcases.TripAdvisorHomePageTest"/>
  <testcase name="moveToFlipkart" time="0.003" classname="com.qa.testcases.TripAdvisorHomePageTest"/>
</testsuite> <!-- com.qa.testcases.TripAdvisorHomePageTest -->
