<?xml version="1.0" encoding="UTF-8"?>
<!-- Generated by org.testng.reporters.JUnitReportReporter -->
<testsuite hostname="Shyamal" failures="0" tests="5" name="com.qa.testcases.LinkedInTest" time="26.172" errors="0" timestamp="2022-09-25T14:52:35 EDT" skipped="0">
  <testcase classname="com.qa.testcases.LinkedInTest" name="LoginPageTitleTest" time="5.219"/>
  <system-out/>
  <testcase classname="com.qa.testcases.LinkedInTest" name="LinkedInPageLogo" time="4.911"/>
  <system-out/>
  <testcase classname="com.qa.testcases.LinkedInTest" name="loginTestSpecChar" time="5.392"/>
  <system-out/>
  <testcase classname="com.qa.testcases.LinkedInTest" name="loginTestNoSpecChar" time="5.325"/>
  <system-out/>
  <testcase classname="com.qa.testcases.LinkedInTest" name="loginTestEmptyEmail" time="5.325"/>
  <system-out/>
</testsuite> <!-- com.qa.testcases.LinkedInTest -->
