<?xml version="1.0" encoding="UTF-8"?>
<!-- Generated by org.testng.reporters.JUnitReportReporter -->
<testsuite hostname="Shyamal" failures="0" tests="1" name="com.test.ExceptionTimeOutTest" time="0.007" errors="0" timestamp="2022-10-09T14:17:35 EDT" skipped="0">
  <testcase classname="com.test.ExceptionTimeOutTest" name="test1" time="0.007"/>
  <system-out/>
</testsuite> <!-- com.test.ExceptionTimeOutTest -->
