<?xml version="1.0" encoding="UTF-8"?>
<!-- Generated by org.testng.reporters.JUnitReportReporter -->
<testsuite hostname="Shyamal" failures="0" tests="2" name="tests.Testing2" time="0.001" errors="0" timestamp="04 Sep 2022 16:50:06 GMT" skipped="0">
  <testcase classname="tests.Testing2" name="test4" time="0.000"/>
  <testcase classname="tests.Testing2" name="test3" time="0.001"/>
</testsuite> <!-- tests.Testing2 -->
