<?xml version="1.0" encoding="UTF-8"?>
<!-- Generated by org.testng.reporters.JUnitReportReporter -->
<testsuite hostname="Shyamal" failures="0" tests="4" name="tests.Testing1" time="0.003" errors="0" timestamp="04 Sep 2022 16:50:06 GMT" skipped="0">
  <testcase classname="tests.Testing1" name="abc" time="0.001"/>
  <testcase classname="tests.Testing1" name="abc" time="0.000"/>
  <testcase classname="tests.Testing1" name="Test1" time="0.001"/>
  <testcase classname="tests.Testing1" name="Test2" time="0.001"/>
</testsuite> <!-- tests.Testing1 -->
