<?xml version="1.0" encoding="UTF-8"?>
<!-- Generated by org.testng.reporters.JUnitReportReporter -->
<testsuite hostname="Shyamal" failures="0" tests="2" name="selenium.Testing1" time="0.001" errors="0" timestamp="29 Aug 2022 23:13:57 GMT" skipped="0">
  <testcase classname="selenium.Testing1" name="f" time="0.001"/>
  <testcase classname="selenium.Testing1" name="f" time="0.000"/>
</testsuite> <!-- selenium.Testing1 -->
