<?xml version="1.0" encoding="UTF-8"?>
<!-- Generated by org.testng.reporters.JUnitReportReporter -->
<testsuite hostname="Shyamal" failures="0" tests="2" name="selenium.Testing2" time="0.009" errors="0" timestamp="2022-09-24T22:00:41 EDT" skipped="0">
  <testcase classname="selenium.Testing2" name="test4" time="0.002"/>
  <system-out/>
  <testcase classname="selenium.Testing2" name="test3" time="0.007"/>
  <system-out/>
</testsuite> <!-- selenium.Testing2 -->
