<?xml version="1.0" encoding="UTF-8"?>
<!-- Generated by org.testng.reporters.JUnitReportReporter -->
<testsuite skipped="0" hostname="DESKTOP-FQKEHJ9" name="com.qa.testcases.AmazonPageTest" tests="5" failures="0" timestamp="19 Dec 2019 21:34:07 GMT" time="6.825" errors="0">
  <testcase name="productSearch" time="4.087" classname="com.qa.testcases.AmazonPageTest"/>
  <testcase name="productSearchButtonClick" time="2.311" classname="com.qa.testcases.AmazonPageTest"/>
  <testcase name="firstItemClick" time="0.267" classname="com.qa.testcases.AmazonPageTest"/>
  <testcase name="readProductRateinAmazon" time="0.156" classname="com.qa.testcases.AmazonPageTest"/>
  <testcase name="moveToFlipkart" time="0.004" classname="com.qa.testcases.AmazonPageTest"/>
</testsuite> <!-- com.qa.testcases.AmazonPageTest -->
