<?xml version="1.0" encoding="UTF-8"?>
<!-- Generated by org.testng.reporters.JUnitReportReporter -->
<testsuite skipped="0" hostname="DESKTOP-FQKEHJ9" name="com.qa.testcases.FlipkartPageTest" tests="4" failures="0" timestamp="19 Dec 2019 21:34:07 GMT" time="13.628" errors="0">
  <testcase name="enterProductNameToSearchInFlikart" time="8.401" classname="com.qa.testcases.FlipkartPageTest"/>
  <testcase name="productSearchButtonClickInFlipkart" time="0.120" classname="com.qa.testcases.FlipkartPageTest"/>
  <testcase name="readProductRateInFlipkart" time="5.107" classname="com.qa.testcases.FlipkartPageTest"/>
  <testcase name="compareRatesAndRultDisplay" time="0.000" classname="com.qa.testcases.FlipkartPageTest"/>
</testsuite> <!-- com.qa.testcases.FlipkartPageTest -->
